(---------------------------------------------------------------------)
(                                                                     )
(    Glossing                                                         )
(                                                                     )
(    Drawing          : final_1040_board.brd                          )
(    Software Version : 16.5P003                                      )
(    Date/Time        : Sun Apr 14 22:40:04 2013                      )
(                                                                     )
(---------------------------------------------------------------------)



*********************************************************************
                         ROUTER-LOG
*********************************************************************

NEW ROUTE on C:/Users/JAI HANUMAN/Desktop/final_1040/final_1040_board.brd
Started on   Sun Apr 14 22:40:04 2013

---------------------------------------------------------------------
Statistics at the Start of the Route:
----------------------------

    Board Statistics:
    -----------------
        Components:  Placed 17  Unplaced 0  Total 17
        Nets:  W/Rats 9  No/Rats 0  Total 9
        Pins:  W/Rats 40  No/Rats 0  Unused 0  Unplaced 0  Total 40
        Equivalent ICs (1 pin = 1/14 EIC)  2
        Router Keepin (in) (-0.6700,-0.4200) by (0.6700,0.4200)
        Board area (sq in)  1.1
        Board density (sq in/EIC) 0.394

    Connection Statistics:        W/Rats      No/Rats      Total
    ----------------------        ------      -------      -----
        Connections                 31           0           31
        Already Connected           31           0           31
        Missing Connections          0           0            0
        Connection Completion      100.00%       0.00%      100.00%
        Manh Distance (inches)       9.31
        Etch Length (inches)        10.83        0.00        10.83
        Number of vias		     0           0            0
        Vias per Connection          0.00        0.00         0.00
        Smd pins with attached clines                        19



---------------------------------------------------------------------
General Routing Parameters
--------------------------

    Checkpoint at:  Last step 1:  Last execution 1
    Overwrite router.log
    Auto Save ON
    Dynamic Control OFF
    Direct Path Router OFF
    Component Orientation  HORIZONTAL
    Order Connections Short First
    Max net priority 0
    Corner type: 45
    Side Entry ALLOWED
    DO NOT FORCE to Pin Escape
    Ripup/Cleanup Pin Escapes OFF
    Via Preference OFF


---------------------------------------------------------------------
Layers and Drc Rules
--------------------

    Subclass                          Spacing       Line Width
    Idx Name                Dir   ll    lv    vv    Def   Neck    Via    Max45
    --- ----                ---   --    --    --    ---   ----    ---    ---
     1  TOP                  H 13.00  5.00  5.00  10.00 10.00   24.00  25.00
        X grids:     0.25  Offset: 0.00
        Y grids:     0.25  Offset: 0.00
    --- ----                ---   --    --    --    ---   ----    ---    ---
     2  BOTTOM               V 13.00  5.00  5.00  10.00 10.00   24.00  25.00
        X grids:     0.25  Offset: 0.00
        Y grids:     0.25  Offset: 0.00

    ATTEMPTS: 1 this step: 0 skips:  
    count_invalid 0 in 0  0:0:0 hours



Via Eliminate glossing in progress.
Started on Sun Apr 14 22:40:04 2013
 with Parameters: 
   Jog limit            : -1 
   Used pin escapes        : YES 
   Unused pin escapes      : YES 
   Stand alone vias        : YES 
   Regular through vias    : YES 

---------------------------------------------------------------------
Statistics at the End of the Route:
----------------------------


    Connection Statistics:        W/Rats      No/Rats      Total
    ----------------------        ------      -------      -----
        Connections                 31           0           31
        Already Connected           31           0           31
        Missing Connections          0           0            0
        Connection Completion      100.00%       0.00%      100.00%
        Etch Length (inches)        10.83        0.00        10.83
        Number of vias		     0           0            0
        Vias per Connection          0.00        0.00         0.00
        Smd pins with attached clines                        19



    Total cpu time - 0:0:40 hours
    Total elapsed time - -2341:-42:-10 hours
    Invalid Count Time: 0 0:0:0 hours
    Route ended on  Sun Apr 14 22:40:04 2013


Elapsed time:  0 hr 0 min 0 sec ( 0.00 hr)
Actual time of completion: Sun Apr 14 22:40:04 2013


Via Eliminate Total Stats:
Vias: Total Candidates = 0,  Total Eliminations = 0,  100 % Eliminatons.




Line entry into Pad glossing in progress.
Started on Sun Apr 14 22:40:04 2013
Bend Distance is 12.00.

 Circular pads:          YES
 Square pads  :          YES
 Rectangular pads :      YES
 Oblong pads :           YES
 Enter Square Pad :      Side : YES      Corner : YES  
 Enter Rectangular Pad : Long : YES      Short  : YES      Corner : YES  
 Enter Oblong Pad :      Side : YES      Round  : YES      Angle  : 45 OR 90
 Enter Circular Pad :    Angle : 45 OR 90
 Create Odd Segs:   NO
 Corner type  :     45
 Maximum 45 limit is -1.

Error getting pad info on pad connected to active pad = -3000099. Active pad is at (-227.25,-239.69).

Error getting pad info on pad connected to active pad = -3000099. Active pad is at (346.86,-128.00).

Error getting pad info on pad connected to active pad = -3000099. Active pad is at (173.64,-128.00).

Glossing attempt unsuccessful. Active pad is at (320.06,55.75).

Error getting pad info on pad connected to active pad = -3000099. Active pad is at (518.50,-252.43).

Glossing attempt unsuccessful. Active pad is at (-76.50,185.57).

Error getting pad info on pad connected to active pad = -3000099. Active pad is at (-374.00,301.50).

Glossing attempt unsuccessful. Active pad is at (-374.00,301.50).

Glossing attempt unsuccessful. Active pad is at (275.11,157.86).

Error getting pad info on pad connected to active pad = -3000099. Active pad is at (-58.00,-312.30).

Error getting pad info on pad connected to active pad = -3000099. Active pad is at (-227.25,-326.31).

Error getting pad info on pad connected to active pad = -3000099. Active pad is at (38.89,157.86).

Error getting pad info on pad connected to active pad = -3000099. Active pad is at (475.43,332.50).

Error getting pad info on pad connected to active pad = -3000099. Active pad is at (555.50,190.06).

Error getting pad info on pad connected to active pad = -3000099. Active pad is at (38.89,234.64).

Error getting pad info on pad connected to active pad = -3000099. Active pad is at (275.11,234.64).

Error getting pad info on pad connected to active pad = -3000099. Active pad is at (231.31,334.50).


Finished execution 1


Elapsed time:  0 hr 0 min 0 sec ( 0.00 hr)
Actual time of completion: Sun Apr 14 22:40:04 2013


Line Entry Into Pad Glossings Stats

Number of Glossing Attempts                   : 4
Number of Actual Glossings                    : 0
Number of Glossings Aborted by DRC violations : 0

There were 13 errors reported in logfile



Line Fattening glossing in progress.
Started on Sun Apr 14 22:40:04 2013
	Line Fattening Parameters
	-------------------------

	Layer Name		Width	Potential Widths
	DEFAULT			20.00	0.00 0.00 0.00 0.00
	DEFAULT			10.00	0.00 0.00 0.00 0.00
	TOP			20.00	0.00 0.00 0.00 0.00
	TOP			10.00	0.00 0.00 0.00 0.00
Pass 1 Candidates 131 Fattened 0 Failed 131 Skipped 0 (  0%)


Elapsed time:  0 hr 0 min 0 sec ( 0.00 hr)
Actual time of completion: Sun Apr 14 22:40:04 2013

Number of errors from Line Fattening Glossing = 0
There were 13 errors reported in logfile



Line Smooth glossing in progress.
Started on Sun Apr 14 22:40:04 2013

 Smooth Functions  :  bubbles maximize 45 jogs dangling clines add 45s
 Number of executions  : 1
 Corner type  : 45
 Length limit is -0.01.

 Maximum 45 limit is -0.01.


Elapsed time:  0 hr 0 min 0 sec ( 0.00 hr)
Actual time of completion: Sun Apr 14 22:40:04 2013

 - 0 - Error(s) from Line smooth Glossing


Line Centering Between Pins glossing in progress.
Started on Sun Apr 14 22:40:04 2013

Minimum Move Size 2.00.
Line spacing MINIMUM
Pad Tolerance 100.00.
Corner type 45

*********************************************************************
                         ROUTER-LOG
*********************************************************************

NEW ROUTE on C:/Users/JAI HANUMAN/Desktop/final_1040/final_1040_board.brd
Started on   Sun Apr 14 22:40:04 2013

---------------------------------------------------------------------
Statistics at the Start of the Route:
----------------------------

    Board Statistics:
    -----------------
        Components:  Placed 17  Unplaced 0  Total 17
        Nets:  W/Rats 9  No/Rats 0  Total 9
        Pins:  W/Rats 40  No/Rats 0  Unused 0  Unplaced 0  Total 40
        Equivalent ICs (1 pin = 1/14 EIC)  2
        Router Keepin (in) (-0.6700,-0.4200) by (0.6700,0.4200)
        Board area (sq in)  1.1
        Board density (sq in/EIC) 0.394

    Connection Statistics:        W/Rats      No/Rats      Total
    ----------------------        ------      -------      -----
        Connections                 31           0           31
        Already Connected           31           0           31
        Missing Connections          0           0            0
        Connection Completion      100.00%       0.00%      100.00%
        Manh Distance (inches)       9.31
        Etch Length (inches)        10.69        0.00        10.69
        Number of vias		     0           0            0
        Vias per Connection          0.00        0.00         0.00
        Smd pins with attached clines                        19



---------------------------------------------------------------------
General Routing Parameters
--------------------------

    Checkpoint at:  Last step 1:  Last execution 1
    Overwrite router.log
    Auto Save ON
    Dynamic Control OFF
    Direct Path Router OFF
    Component Orientation  HORIZONTAL
    Order Connections Short First
    Max net priority 0
    Corner type: 45
    Side Entry ALLOWED
    DO NOT FORCE to Pin Escape
    Ripup/Cleanup Pin Escapes OFF
    Via Preference OFF


---------------------------------------------------------------------
Layers and Drc Rules
--------------------

    Subclass                          Spacing       Line Width
    Idx Name                Dir   ll    lv    vv    Def   Neck    Via    Max45
    --- ----                ---   --    --    --    ---   ----    ---    ---
     1  TOP                  H 13.00  5.00  5.00  10.00 10.00   24.00  25.00
        X grids:     0.25  Offset: 0.00
        Y grids:     0.25  Offset: 0.00
    --- ----                ---   --    --    --    ---   ----    ---    ---
     2  BOTTOM               V 13.00  5.00  5.00  10.00 10.00   24.00  25.00
        X grids:     0.25  Offset: 0.00
        Y grids:     0.25  Offset: 0.00

    ATTEMPTS: 1 this step: 0 skips:  
    count_invalid 0 in 0  0:0:0 hours
---------------------------------------------------------------------
Statistics at the End of the Route:
----------------------------


    Connection Statistics:        W/Rats      No/Rats      Total
    ----------------------        ------      -------      -----
        Connections                 31           0           31
        Already Connected           31           0           31
        Missing Connections          0           0            0
        Connection Completion      100.00%       0.00%      100.00%
        Etch Length (inches)        10.69        0.00        10.69
        Number of vias		     0           0            0
        Vias per Connection          0.00        0.00         0.00
        Smd pins with attached clines                        19



    Total cpu time - 0:0:40 hours
    Total elapsed time - -2341:-42:-10 hours
    Invalid Count Time: 0 0:0:0 hours
    Route ended on  Sun Apr 14 22:40:04 2013


Elapsed time:  0 hr 0 min 0 sec ( 0.00 hr)
Actual time of completion: Sun Apr 14 22:40:04 2013



Line Center Between Pins Stats

Number of Glossing Attempts                   : 49
Number of Actual Glossings                    : 1
Number of Glossings Aborted by DRC violations : 0
Number of Glossings Aborted by No-Gloss nets  : 0



Line entry into Pad glossing in progress.
Started on Sun Apr 14 22:40:04 2013
Bend Distance is 12.00.

 Circular pads:          YES
 Square pads  :          YES
 Rectangular pads :      YES
 Oblong pads :           YES
 Enter Square Pad :      Side : YES      Corner : YES  
 Enter Rectangular Pad : Long : YES      Short  : YES      Corner : YES  
 Enter Oblong Pad :      Side : YES      Round  : YES      Angle  : 45 OR 90
 Enter Circular Pad :    Angle : 45 OR 90
 Create Odd Segs:   NO
 Corner type  :     45
 Maximum 45 limit is -1.

Glossing was successful:  SYMBOL PIN at (555.50,103.44) defined by pad  R155_115

Error getting pad info on pad connected to active pad = -3000099. Active pad is at (-227.25,-239.69).

Error getting pad info on pad connected to active pad = -3000099. Active pad is at (346.86,-128.00).

Error getting pad info on pad connected to active pad = -3000099. Active pad is at (173.64,-128.00).

Glossing attempt unsuccessful. Active pad is at (320.06,55.75).

Glossing was successful:  SYMBOL PIN at (545.25,-66.43) defined by pad  R145_115

Error getting pad info on pad connected to active pad = -3000099. Active pad is at (518.50,-252.43).

Glossing attempt unsuccessful. Active pad is at (-76.50,185.57).

Error getting pad info on pad connected to active pad = -3000099. Active pad is at (-374.00,301.50).

Glossing attempt unsuccessful. Active pad is at (-374.00,301.50).

Glossing was successful:  SYMBOL PIN at (545.25,4.43) defined by pad  R145_115

Glossing attempt unsuccessful. Active pad is at (275.11,157.86).

Error getting pad info on pad connected to active pad = -3000099. Active pad is at (-58.00,-312.30).

Error getting pad info on pad connected to active pad = -3000099. Active pad is at (-227.25,-326.31).

Error getting pad info on pad connected to active pad = -3000099. Active pad is at (38.89,157.86).

Error getting pad info on pad connected to active pad = -3000099. Active pad is at (475.43,332.50).

Error getting pad info on pad connected to active pad = -3000099. Active pad is at (555.50,190.06).

Glossing was successful:  SYMBOL PIN at (404.57,332.50) defined by pad  R145_115

Error getting pad info on pad connected to active pad = -3000099. Active pad is at (38.89,234.64).

Error getting pad info on pad connected to active pad = -3000099. Active pad is at (275.11,234.64).

Glossing was successful:  SYMBOL PIN at (231.31,334.50) defined by pad  R155_115

Error getting pad info on pad connected to active pad = -3000099. Active pad is at (231.31,334.50).

Glossing was successful:  SYMBOL PIN at (518.50,-181.57) defined by pad  R145_115


Finished execution 1

Error getting pad info on pad connected to active pad = -3000099. Active pad is at (-227.25,-239.69).

Error getting pad info on pad connected to active pad = -3000099. Active pad is at (346.86,-128.00).

Error getting pad info on pad connected to active pad = -3000099. Active pad is at (173.64,-128.00).

Glossing attempt unsuccessful. Active pad is at (320.06,55.75).

Error getting pad info on pad connected to active pad = -3000099. Active pad is at (518.50,-252.43).

Glossing attempt unsuccessful. Active pad is at (-76.50,185.57).

Error getting pad info on pad connected to active pad = -3000099. Active pad is at (-374.00,301.50).

Glossing attempt unsuccessful. Active pad is at (-374.00,301.50).

Glossing attempt unsuccessful. Active pad is at (275.11,157.86).

Error getting pad info on pad connected to active pad = -3000099. Active pad is at (-58.00,-312.30).

Error getting pad info on pad connected to active pad = -3000099. Active pad is at (-227.25,-326.31).

Error getting pad info on pad connected to active pad = -3000099. Active pad is at (38.89,157.86).

Error getting pad info on pad connected to active pad = -3000099. Active pad is at (475.43,332.50).

Error getting pad info on pad connected to active pad = -3000099. Active pad is at (555.50,190.06).

Error getting pad info on pad connected to active pad = -3000099. Active pad is at (38.89,234.64).

Error getting pad info on pad connected to active pad = -3000099. Active pad is at (275.11,234.64).

Error getting pad info on pad connected to active pad = -3000099. Active pad is at (231.31,334.50).


Finished execution 2


Elapsed time:  0 hr 0 min 0 sec ( 0.00 hr)
Actual time of completion: Sun Apr 14 22:40:04 2013


Line Entry Into Pad Glossings Stats

Number of Glossing Attempts                   : 14
Number of Actual Glossings                    : 6
Number of Glossings Aborted by DRC violations : 0

There were 26 errors reported in logfile
Glossing Corners to Arcs initiated on Sun Apr 14 22:40:04 2013

Maximum Radius = 0.25.
Minimum Radius = 2.00.
Number of Executions = 1

Corners to Arcs Stats


Number of Glossing Attempts                   : 85
Number of Actual Glossings                    : 0
Number of Failed Glossing Attempts: 85
Number of by No-Gloss nets  : 0
There were 0 Corners Converted to Arcs.

Elapsed time:  0 hr 0 min 0 sec ( 0.00 hr)
Actual time of completion: Sun Apr 14 22:40:04 2013


Glossing Corners to Arcs finished.




Pad and T Fillet glossing in progress.
Started on Sun Apr 14 22:40:04 2013

 Round pads:          YES   max size: 100.00
 Square pads:         YES   max size: 100.00
 Rectangular pads:    YES   max size: 100.00
 Oblong pads:         YES   max size: 100.00
 Octagon pads:        YES   max size: 100.00
 Pads as shapes:      NO 
 Pins:                YES
 Vias:                YES
 Bond Fingers:        NO 
 Ts:                  YES
 Unused nets:         YES
 Pads Without Drills: YES
 Desired Pin Angle:       90
 Desired Via Angle:       90
 Desired T Angle:         90
 Maximum Pin Angle:       90
 Maximum Via Angle:       90
 Maximum T Angle:         90
 Pin Maximum offset:      25.00
 Via Maximum offset:      25.00
 T Maximum offset:        25.00
 Pin minimum line width:  3.00
 Via minimum line width:  3.00
 T minimum line width:    3.00
 Pin maximum line width:  25.00
 Via maximum line width:  25.00
 T maximum line width:    25.00
 Tapers:                  NO 
 Desired Taper Angle:     60
 Taper Maximum offset:    25.00
 Allow drc:           NO 
 Dynamic:             NO 
 Curved lines:        YES

*WARNING: Can't fillet T at (-277.80 -316.00) on subclass TOP.
          The fillet does not fit.

*WARNING: Can't create fillet at pad (427.50 72.44) on subclass TOP.
          Computed fillet point lies inside pad boundary; required to be outside.

*WARNING: Can't create fillet at pad (555.50 103.44) on subclass TOP.
          Computed fillet point lies inside pad boundary; required to be outside.

*WARNING: Can't fillet T at (469.90 -290.70) on subclass TOP.
          The fillet does not fit.

*WARNING: Can't create fillet at pad (38.89 209.05) on subclass TOP.
          Removed due to DRC error.

*WARNING: Can't fillet T at (-78.50 140.10) on subclass TOP.
          The fillet does not fit.

*WARNING: Can't fillet T at (483.60 -109.10) on subclass TOP.
          The fillet does not fit.

*WARNING: Can't fillet T at (427.50 157.86) on subclass TOP.
          The fillet does not fit.

*WARNING: Can't create fillet at pad (275.11 157.86) on subclass TOP.
          Removed due to DRC error.

*WARNING: Can't create fillet at pad (275.11 157.86) on subclass TOP.
          Removed due to DRC error.

*WARNING: Can't create fillet at pad (427.50 159.06) on subclass TOP.
          Unable to create fillet, parameters result in fillet entirely within pad.

*WARNING: Can't fillet T at (-181.70 -273.68) on subclass TOP.
          The fillet does not fit.

*WARNING: Can't create fillet at pad (38.89 157.86) on subclass TOP.
          Removed due to DRC error.

*WARNING: Can't fillet T at (513.07 232.00) on subclass TOP.
          The fillet does not fit.

*WARNING: Can't create fillet at pad (275.11 183.45) on subclass TOP.
          Removed due to DRC error.

*WARNING: Can't create fillet at pad (275.11 209.05) on subclass TOP.
          Removed due to DRC error.

*WARNING: Can't create fillet at pad (275.11 209.05) on subclass TOP.
          Removed due to DRC error.

*WARNING: Can't create fillet at pad (38.89 234.64) on subclass TOP.
          Removed due to DRC error.

*WARNING: Can't create fillet at pad (275.11 234.64) on subclass TOP.
          Removed due to DRC error.

*WARNING: Can't create fillet at pad (38.89 183.45) on subclass TOP.
          Removed due to DRC error.




Total number of fillets added: 43

Number of fillets rejected due to DRC errors: 11


Elapsed time:  0 hr 0 min 0 sec ( 0.00 hr)
Actual time of completion: Sun Apr 14 22:40:04 2013


There were 20 errors or warnings reported in logfile.


Glossing complete.
