(---------------------------------------------------------------------)
(                                                                     )
(    Allegro Netrev Import Logic                                      )
(                                                                     )
(    Drawing          : single_layer_board1.brd                       )
(    Software Version : 16.5P002                                      )
(    Date/Time        : Tue Apr 02 22:59:55 2013                      )
(                                                                     )
(---------------------------------------------------------------------)


------ Directives ------

RIPUP_ETCH FALSE;
RIPUP_DELETE_FIRST_SEGMENT FALSE;
RIPUP_RETAIN_BONDWIRE FALSE;
RIPUP_SYMBOLS ALWAYS;
Missing symbol has error FALSE;
SCHEMATIC_DIRECTORY 'C:\USERS\JAI HANUMAN\DESKTOP\SAMPLE_1040-APR-02-2013\allegro';
BOARD_DIRECTORY '';
OLD_BOARD_NAME 'C:/Users/JAI HANUMAN/Desktop/sample_1040-Apr-02-2013/single_layer_board1.brd';
NEW_BOARD_NAME 'design_1040.brd';

CmdLine: netrev.exe -5 -y 1 -i C:\USERS\JAI HANUMAN\DESKTOP\SAMPLE_1040-APR-02-2013\allegro C:\Users\JAI HANUMAN\Desktop\sample_1040-Apr-02-2013\single_layer_board1.brd C:\USERS\JAI HANUMAN\DESKTOP\SAMPLE_1040-APR-02-2013\allegro\design_1040.brd

------ Preparing to read pst files ------

Starting to read C:/USERS/JAI HANUMAN/DESKTOP/SAMPLE_1040-APR-02-2013/allegro/pstchip.dat 
   Finished reading C:/USERS/JAI HANUMAN/DESKTOP/SAMPLE_1040-APR-02-2013/allegro/pstchip.dat (00:00:00.06)
Starting to read C:/USERS/JAI HANUMAN/DESKTOP/SAMPLE_1040-APR-02-2013/allegro/pstxprt.dat 
   Finished reading C:/USERS/JAI HANUMAN/DESKTOP/SAMPLE_1040-APR-02-2013/allegro/pstxprt.dat (00:00:00.00)
Starting to read C:/USERS/JAI HANUMAN/DESKTOP/SAMPLE_1040-APR-02-2013/allegro/pstxnet.dat 
   Finished reading C:/USERS/JAI HANUMAN/DESKTOP/SAMPLE_1040-APR-02-2013/allegro/pstxnet.dat (00:00:00.00)

------ Oversights/Warnings/Errors ------


------ Library Paths ------
MODULEPATH =  . 
           C:/Cadence/SPB_16.5/share/local/pcb/modules 

PSMPATH =  . 
           symbols 
           .. 
           ../symbols 
           C:/Cadence/SPB_16.5/share/local/pcb/symbols 
           C:/Cadence/SPB_16.5/share/pcb/pcb_lib/symbols 
           C:/Cadence/SPB_16.5/share/pcb/allegrolib/symbols 

PADPATH =  . 
           symbols 
           .. 
           ../symbols 
           C:/Cadence/SPB_16.5/share/local/pcb/padstacks 
           C:/Cadence/SPB_16.5/share/pcb/pcb_lib/symbols 
           C:/Cadence/SPB_16.5/share/pcb/allegrolib/symbols 


------ Summary Statistics ------


netrev run on Apr 2 22:59:55 2013
   DESIGN NAME : 'SAMPLE_1040'
   PACKAGING ON Apr 21 2011 10:02:30

   COMPILE 'logic'
   CHECK_PIN_NAMES OFF
   CROSS_REFERENCE OFF
   FEEDBACK OFF
   INCREMENTAL OFF
   INTERFACE_TYPE PHYSICAL
   MAX_ERRORS 500
   MERGE_MINIMUM 5
   NET_NAME_CHARS '#%&()*+-./:=>?@[]^_`|'
   NET_NAME_LENGTH 24
   OVERSIGHTS ON
   REPLACE_CHECK OFF
   SINGLE_NODE_NETS ON
   SPLIT_MINIMUM 0
   SUPPRESS   20
   WARNINGS ON

 No error detected
 No oversight detected
 No warning detected

cpu time      0:00:47
elapsed time  0:00:00

