
*********************************************************************
                         ROUTER-LOG
*********************************************************************

NEW ROUTE on C:/USERS/JAI HANUMAN/DESKTOP/SAMPLE_1040-APR-02-2013/allegro/design_1040.brd
Started on   Tue Apr 02 23:15:53 2013

---------------------------------------------------------------------
Statistics at the Start of the Route:
----------------------------

    Board Statistics:
    -----------------
        Components:  Placed 17  Unplaced 0  Total 17
        Nets:  W/Rats 9  No/Rats 0  Total 9
        Pins:  W/Rats 40  No/Rats 0  Unused 0  Unplaced 0  Total 40
        Equivalent ICs (1 pin = 1/14 EIC)  2
        Router Keepin (in) (-0.6500,-0.4000) by (0.6500,0.4000)
        Board area (sq in)  1.0
        Board density (sq in/EIC) 0.364

    Connection Statistics:        W/Rats      No/Rats      Total
    ----------------------        ------      -------      -----
        Connections                 31           0           31
        Already Connected           31           0           31
        Missing Connections          0           0            0
        Connection Completion      100.00%       0.00%      100.00%
        Manh Distance (inches)       9.66
        Etch Length (inches)        14.77        0.00        14.77
        Number of vias		     0           0            0
        Vias per Connection          0.00        0.00         0.00
        Smd pins with attached clines                        36



---------------------------------------------------------------------
General Routing Parameters
--------------------------

    Checkpoint at:  Last step 1:  Last execution 1
    Overwrite router.log
    Auto Save ON
    Dynamic Control OFF
    Direct Path Router OFF
    Component Orientation  HORIZONTAL
    Order Connections Short First
    Max net priority 0
    Corner type: 45
    Side Entry ALLOWED
    DO NOT FORCE to Pin Escape
    Ripup/Cleanup Pin Escapes OFF
    Via Preference OFF


---------------------------------------------------------------------
Layers and Drc Rules
--------------------

    Subclass                          Spacing       Line Width
    Idx Name                Dir   ll    lv    vv    Def   Neck    Via    Max45
    --- ----                ---   --    --    --    ---   ----    ---    ---
     1  TOP                  H 13.00  5.00  5.00  10.00 10.00   24.00  25.00
        X grids:     1.00  Offset: 0.00
        Y grids:     1.00  Offset: 0.00
    --- ----                ---   --    --    --    ---   ----    ---    ---
     2  BOTTOM               V 13.00  5.00  5.00  10.00 10.00   24.00  25.00
        X grids:     1.00  Offset: 0.00
        Y grids:     1.00  Offset: 0.00

    ATTEMPTS: 0 this step: 0 skips:  
    count_invalid 0 in 0  0:0:0 hours
---------------------------------------------------------------------
Statistics at the End of the Route:
----------------------------


    Connection Statistics:        W/Rats      No/Rats      Total
    ----------------------        ------      -------      -----
        Connections                 31           0           31
        Already Connected           31           0           31
        Missing Connections          0           0            0
        Connection Completion      100.00%       0.00%      100.00%
        Etch Length (inches)        14.77        0.00        14.77
        Number of vias		     0           0            0
        Vias per Connection          0.00        0.00         0.00
        Smd pins with attached clines                        36



    Total cpu time - 0:0:43 hours
    Total elapsed time - -2629:-6:-20 hours
    Invalid Count Time: 0 0:0:0 hours
    Route ended on  Tue Apr 02 23:15:54 2013

*********************************************************************
                         ROUTER-LOG
*********************************************************************

NEW ROUTE on C:/USERS/JAI HANUMAN/DESKTOP/SAMPLE_1040-APR-02-2013/allegro/design_1040.brd
Started on   Tue Apr 02 23:15:54 2013

---------------------------------------------------------------------
Statistics at the Start of the Route:
----------------------------

    Board Statistics:
    -----------------
        Components:  Placed 17  Unplaced 0  Total 17
        Nets:  W/Rats 9  No/Rats 0  Total 9
        Pins:  W/Rats 40  No/Rats 0  Unused 0  Unplaced 0  Total 40
        Equivalent ICs (1 pin = 1/14 EIC)  2
        Router Keepin (in) (-0.6500,-0.4000) by (0.6500,0.4000)
        Board area (sq in)  1.0
        Board density (sq in/EIC) 0.364

    Connection Statistics:        W/Rats      No/Rats      Total
    ----------------------        ------      -------      -----
        Connections                 31           0           31
        Already Connected           31           0           31
        Missing Connections          0           0            0
        Connection Completion      100.00%       0.00%      100.00%
        Manh Distance (inches)       9.66
        Etch Length (inches)        12.97        0.00        12.97
        Number of vias		     0           0            0
        Vias per Connection          0.00        0.00         0.00
        Smd pins with attached clines                        36



---------------------------------------------------------------------
General Routing Parameters
--------------------------

    Checkpoint at:  Last step 1:  Last execution 1
    Overwrite router.log
    Auto Save ON
    Dynamic Control OFF
    Direct Path Router OFF
    Component Orientation  HORIZONTAL
    Order Connections Short First
    Max net priority 0
    Corner type: 45
    Side Entry ALLOWED
    DO NOT FORCE to Pin Escape
    Ripup/Cleanup Pin Escapes OFF
    Via Preference OFF


---------------------------------------------------------------------
Layers and Drc Rules
--------------------

    Subclass                          Spacing       Line Width
    Idx Name                Dir   ll    lv    vv    Def   Neck    Via    Max45
    --- ----                ---   --    --    --    ---   ----    ---    ---
     1  TOP                  H 13.00  5.00  5.00  10.00 10.00   24.00  25.00
        X grids:     1.00  Offset: 0.00
        Y grids:     1.00  Offset: 0.00
    --- ----                ---   --    --    --    ---   ----    ---    ---
     2  BOTTOM               V 13.00  5.00  5.00  10.00 10.00   24.00  25.00
        X grids:     1.00  Offset: 0.00
        Y grids:     1.00  Offset: 0.00

    ATTEMPTS: 0 this step: 0 skips:  
    count_invalid 0 in 0  0:0:0 hours
---------------------------------------------------------------------
Statistics at the End of the Route:
----------------------------


    Connection Statistics:        W/Rats      No/Rats      Total
    ----------------------        ------      -------      -----
        Connections                 31           0           31
        Already Connected           31           0           31
        Missing Connections          0           0            0
        Connection Completion      100.00%       0.00%      100.00%
        Etch Length (inches)        13.09        0.00        13.09
        Number of vias		     0           0            0
        Vias per Connection          0.00        0.00         0.00
        Smd pins with attached clines                        36


