(---------------------------------------------------------------------)
(                                                                     )
(    NC DRILL Log                                                     )
(                                                                     )
(    Drawing          : #Taaaaaa12236.tmp                             )
(    Software Version : 16.5P002                                      )
(    Date/Time        : Wed Apr 24 02:31:40 2013                      )
(                                                                     )
(---------------------------------------------------------------------)



 Processing NC Parameters file ...

 NC PARAMETERS
 -------------

 FORMAT   		2.3
 MACHINE-OFFSET		x:0.000000	y:0.000000
 FEEDRATE		1
 COORDINATES		ABSOLUTE
 OUTPUT-UNITS		ENGLISH
 TOOL-ORDER		INCREASING
 REPEAT-CODES		YES
 SUPPRESS-LEAD-ZEROES	NO
 SUPPRESS-TRAIL-ZEROES	NO
 SUPPRESS-EQUAL		NO
 TOOL-SELECT		NO
 HEADER			none
 LEADER			12
 CODE			ASCII
 SEPARATE		NO
 OPTIMIZE_DRILLING	NO
 ENHANCED_EXCELLON	NO
 SCALE			1.000000

 WARNING: Design precision is greater than that of the drill output file data.
          Data rounding errors are very possible.


 Drill files being output to directory 'C:/Users/JAI HANUMAN/Desktop/leddriver-Apr-23-2013/allegro' ...



     'leddriver-1-2.drl' created for holes connecting TOP and BOTTOM
     ---------------------------------------------------------------

           Num     Size      +/- Tolerance     Plating   Quantity

            1.  25.0000    0.0000/  0.0000      PLATED          3
            2.  33.4600    0.0000/  0.0000      PLATED          8
            3.  36.0000    0.0000/  0.0000      PLATED         25
            4.  41.3400    0.0000/  0.0000      PLATED          4
            5.  42.0000    0.0000/  0.0000      PLATED         12
            6. 156.0000    0.0000/  0.0000  NON_PLATED          4

     ---- Total holes:                                         56

     ---- Total head travel:              2.16 feet (0.66 meters)

