
---------------------------------------------------------------------------
BOARD: C:/Users/JAI HANUMAN/Desktop/leddriver-Apr-23-2013/allegro/leddriver.brd ROUTER: 10-0-25 of 10-Nov-94
DATE: Wed Apr 24 01:27:12 2013        HOST: SRINIVAS
---------------------------------------------------------------------------
Cnt St-ex Router      Att  Inv Miss Com% Drcs Vias   Etch  Cpu exec  Cpu Tot
--------- ------    ----- ---- ---- ---- ---- ---- ------  -------- --------
  Start    ----        33    0    0 100%    0    0    18.0  0:01:53  0:01:53

---------------------------------------------------------------------------
BOARD: C:/Users/JAI HANUMAN/Desktop/leddriver-Apr-23-2013/allegro/leddriver.brd ROUTER: 10-0-25 of 10-Nov-94
DATE: Wed Apr 24 01:27:12 2013        HOST: SRINIVAS
---------------------------------------------------------------------------
Cnt St-ex Router      Att  Inv Miss Com% Drcs Vias   Etch  Cpu exec  Cpu Tot
--------- ------    ----- ---- ---- ---- ---- ---- ------  -------- --------
  Start    ----        33    0    0 100%    0    0    18.0  0:01:53  0:01:53

---------------------------------------------------------------------------
BOARD: C:/Users/JAI HANUMAN/Desktop/leddriver-Apr-23-2013/allegro/leddriver.brd ROUTER: 10-0-25 of 10-Nov-94
DATE: Wed Apr 24 01:27:36 2013        HOST: SRINIVAS
---------------------------------------------------------------------------
Cnt St-ex Router      Att  Inv Miss Com% Drcs Vias   Etch  Cpu exec  Cpu Tot
--------- ------    ----- ---- ---- ---- ---- ---- ------  -------- --------
  Start    ----        33    0    0 100%    0    0    18.0  0:01:54  0:01:54

---------------------------------------------------------------------------
BOARD: C:/Users/JAI HANUMAN/Desktop/leddriver-Apr-23-2013/allegro/leddriver.brd ROUTER: 10-0-25 of 10-Nov-94
DATE: Wed Apr 24 01:27:36 2013        HOST: SRINIVAS
---------------------------------------------------------------------------
Cnt St-ex Router      Att  Inv Miss Com% Drcs Vias   Etch  Cpu exec  Cpu Tot
--------- ------    ----- ---- ---- ---- ---- ---- ------  -------- --------
  Start    ----        33    0    0 100%    0    0    18.0  0:01:54  0:01:54

---------------------------------------------------------------------------
BOARD: C:/Users/JAI HANUMAN/Desktop/leddriver-Apr-23-2013/allegro/leddriver.brd ROUTER: 10-0-25 of 10-Nov-94
DATE: Wed Apr 24 01:28:00 2013        HOST: SRINIVAS
---------------------------------------------------------------------------
Cnt St-ex Router      Att  Inv Miss Com% Drcs Vias   Etch  Cpu exec  Cpu Tot
--------- ------    ----- ---- ---- ---- ---- ---- ------  -------- --------
  Start    ----        33    0    0 100%    0    0    18.0  0:01:55  0:01:55

---------------------------------------------------------------------------
BOARD: C:/Users/JAI HANUMAN/Desktop/leddriver-Apr-23-2013/allegro/leddriver.brd ROUTER: 10-0-25 of 10-Nov-94
DATE: Wed Apr 24 01:28:00 2013        HOST: SRINIVAS
---------------------------------------------------------------------------
Cnt St-ex Router      Att  Inv Miss Com% Drcs Vias   Etch  Cpu exec  Cpu Tot
--------- ------    ----- ---- ---- ---- ---- ---- ------  -------- --------
  Start    ----        33    0    0 100%    0    0    18.0  0:01:55  0:01:55

---------------------------------------------------------------------------
BOARD: C:/Users/JAI HANUMAN/Desktop/leddriver-Apr-23-2013/allegro/leddriver.brd ROUTER: 10-0-25 of 10-Nov-94
DATE: Wed Apr 24 01:30:30 2013        HOST: SRINIVAS
---------------------------------------------------------------------------
Cnt St-ex Router      Att  Inv Miss Com% Drcs Vias   Etch  Cpu exec  Cpu Tot
--------- ------    ----- ---- ---- ---- ---- ---- ------  -------- --------
  Start    ----        33    0    0 100%    0    0    19.0  0:01:58  0:01:58

---------------------------------------------------------------------------
BOARD: C:/Users/JAI HANUMAN/Desktop/leddriver-Apr-23-2013/allegro/leddriver.brd ROUTER: 10-0-25 of 10-Nov-94
DATE: Wed Apr 24 01:30:30 2013        HOST: SRINIVAS
---------------------------------------------------------------------------
Cnt St-ex Router      Att  Inv Miss Com% Drcs Vias   Etch  Cpu exec  Cpu Tot
--------- ------    ----- ---- ---- ---- ---- ---- ------  -------- --------
  Start    ----        33    0    0 100%    0    0    19.0  0:01:58  0:01:58

---------------------------------------------------------------------------
BOARD: C:/Users/JAI HANUMAN/Desktop/leddriver-Apr-23-2013/allegro/leddriver.brd ROUTER: 10-0-25 of 10-Nov-94
DATE: Wed Apr 24 01:30:36 2013        HOST: SRINIVAS
---------------------------------------------------------------------------
Cnt St-ex Router      Att  Inv Miss Com% Drcs Vias   Etch  Cpu exec  Cpu Tot
--------- ------    ----- ---- ---- ---- ---- ---- ------  -------- --------
  Start    ----        33    0    0 100%    0    0    19.0  0:01:58  0:01:58

---------------------------------------------------------------------------
BOARD: C:/Users/JAI HANUMAN/Desktop/leddriver-Apr-23-2013/allegro/leddriver.brd ROUTER: 10-0-25 of 10-Nov-94
DATE: Wed Apr 24 01:30:36 2013        HOST: SRINIVAS
---------------------------------------------------------------------------
Cnt St-ex Router      Att  Inv Miss Com% Drcs Vias   Etch  Cpu exec  Cpu Tot
--------- ------    ----- ---- ---- ---- ---- ---- ------  -------- --------
  Start    ----        33    0    0 100%    0    0    19.0  0:01:58  0:01:58

---------------------------------------------------------------------------
BOARD: C:/Users/JAI HANUMAN/Desktop/leddriver-Apr-23-2013/allegro/leddriver.brd ROUTER: 10-0-25 of 10-Nov-94
DATE: Wed Apr 24 01:31:09 2013        HOST: SRINIVAS
---------------------------------------------------------------------------
Cnt St-ex Router      Att  Inv Miss Com% Drcs Vias   Etch  Cpu exec  Cpu Tot
--------- ------    ----- ---- ---- ---- ---- ---- ------  -------- --------
  Start    ----        33    0    0 100%    0    0    17.0  0:01:59  0:01:59

---------------------------------------------------------------------------
BOARD: C:/Users/JAI HANUMAN/Desktop/leddriver-Apr-23-2013/allegro/leddriver.brd ROUTER: 10-0-25 of 10-Nov-94
DATE: Wed Apr 24 01:31:58 2013        HOST: SRINIVAS
---------------------------------------------------------------------------
Cnt St-ex Router      Att  Inv Miss Com% Drcs Vias   Etch  Cpu exec  Cpu Tot
--------- ------    ----- ---- ---- ---- ---- ---- ------  -------- --------
  Start    ----        33    0    0 100%    0    0    17.0  0:02:01  0:02:01

---------------------------------------------------------------------------
BOARD: C:/Users/JAI HANUMAN/Desktop/leddriver-Apr-23-2013/allegro/leddriver.brd ROUTER: 10-0-25 of 10-Nov-94
DATE: Wed Apr 24 01:35:32 2013        HOST: SRINIVAS
---------------------------------------------------------------------------
Cnt St-ex Router      Att  Inv Miss Com% Drcs Vias   Etch  Cpu exec  Cpu Tot
--------- ------    ----- ---- ---- ---- ---- ---- ------  -------- --------
  Start    ----        33    0    0 100%    0    0    16.0  0:02:07  0:02:07
