
*********************************************************************
                         ROUTER-LOG
*********************************************************************

NEW ROUTE on C:/Users/JAI HANUMAN/Desktop/leddriver-Apr-23-2013/allegro/leddriver.brd
Started on   Wed Apr 24 01:27:12 2013

---------------------------------------------------------------------
Statistics at the Start of the Route:
----------------------------

    Board Statistics:
    -----------------
        Components:  Placed 20  Unplaced 0  Total 20
        Nets:  W/Rats 18  No/Rats 0  Total 19
        Pins:  W/Rats 52  No/Rats 0  Unused 0  Unplaced 0  Total 52
        Equivalent ICs (1 pin = 1/14 EIC)  3
        Router Keepin (in) (-1.2100,-0.7100) by (1.2100,0.7100)
        Board area (sq in)  3.4
        Board density (sq in/EIC) 0.925

    Connection Statistics:        W/Rats      No/Rats      Total
    ----------------------        ------      -------      -----
        Connections                 33           0           33
        Already Connected           33           0           33
        Missing Connections          0           0            0
        Connection Completion      100.00%       0.00%      100.00%
        Manh Distance (inches)      15.21
        Etch Length (inches)        17.66        0.00        17.66
        Number of vias		     0           0            0
        Vias per Connection          0.00        0.00         0.00
        Smd pins with attached clines                         0



---------------------------------------------------------------------
General Routing Parameters
--------------------------

    Checkpoint at:  Last step 1:  Last execution 1
    Overwrite router.log
    Auto Save ON
    Dynamic Control OFF
    Direct Path Router OFF
    Component Orientation  HORIZONTAL
    Order Connections Short First
    Max net priority 0
    Corner type: 45
    Side Entry ALLOWED
    DO NOT FORCE to Pin Escape
    Ripup/Cleanup Pin Escapes OFF
    Via Preference OFF


---------------------------------------------------------------------
Layers and Drc Rules
--------------------

    Subclass                          Spacing       Line Width
    Idx Name                Dir   ll    lv    vv    Def   Neck    Via    Max45
    --- ----                ---   --    --    --    ---   ----    ---    ---
     1  TOP                  H 15.00  5.00  5.00  15.00 15.00   24.00  25.00
        X grids:     1.00  Offset: 0.00
        Y grids:     1.00  Offset: 0.00
    --- ----                ---   --    --    --    ---   ----    ---    ---
     2  BOTTOM               V 15.00  5.00  5.00  15.00 15.00   24.00  25.00
        X grids:     1.00  Offset: 0.00
        Y grids:     1.00  Offset: 0.00

    ATTEMPTS: 0 this step: 0 skips:  
    count_invalid 0 in 0  0:0:0 hours
---------------------------------------------------------------------
Statistics at the End of the Route:
----------------------------


    Connection Statistics:        W/Rats      No/Rats      Total
    ----------------------        ------      -------      -----
        Connections                 33           0           33
        Already Connected           33           0           33
        Missing Connections          0           0            0
        Connection Completion      100.00%       0.00%      100.00%
        Etch Length (inches)        17.66        0.00        17.66
        Number of vias		     0           0            0
        Vias per Connection          0.00        0.00         0.00
        Smd pins with attached clines                         0



    Total cpu time - 0:1:53 hours
    Total elapsed time - -2122:-55:-2 hours
    Invalid Count Time: 0 0:0:0 hours
    Route ended on  Wed Apr 24 01:27:12 2013

*********************************************************************
                         ROUTER-LOG
*********************************************************************

NEW ROUTE on C:/Users/JAI HANUMAN/Desktop/leddriver-Apr-23-2013/allegro/leddriver.brd
Started on   Wed Apr 24 01:27:12 2013

---------------------------------------------------------------------
Statistics at the Start of the Route:
----------------------------

    Board Statistics:
    -----------------
        Components:  Placed 20  Unplaced 0  Total 20
        Nets:  W/Rats 18  No/Rats 0  Total 19
        Pins:  W/Rats 52  No/Rats 0  Unused 0  Unplaced 0  Total 52
        Equivalent ICs (1 pin = 1/14 EIC)  3
        Router Keepin (in) (-1.2100,-0.7100) by (1.2100,0.7100)
        Board area (sq in)  3.4
        Board density (sq in/EIC) 0.925

    Connection Statistics:        W/Rats      No/Rats      Total
    ----------------------        ------      -------      -----
        Connections                 33           0           33
        Already Connected           33           0           33
        Missing Connections          0           0            0
        Connection Completion      100.00%       0.00%      100.00%
        Manh Distance (inches)      15.21
        Etch Length (inches)        17.66        0.00        17.66
        Number of vias		     0           0            0
        Vias per Connection          0.00        0.00         0.00
        Smd pins with attached clines                         0



---------------------------------------------------------------------
General Routing Parameters
--------------------------

    Checkpoint at:  Last step 1:  Last execution 1
    Overwrite router.log
    Auto Save ON
    Dynamic Control OFF
    Direct Path Router OFF
    Component Orientation  HORIZONTAL
    Order Connections Short First
    Max net priority 0
    Corner type: 45
    Side Entry ALLOWED
    DO NOT FORCE to Pin Escape
    Ripup/Cleanup Pin Escapes OFF
    Via Preference OFF


---------------------------------------------------------------------
Layers and Drc Rules
--------------------

    Subclass                          Spacing       Line Width
    Idx Name                Dir   ll    lv    vv    Def   Neck    Via    Max45
    --- ----                ---   --    --    --    ---   ----    ---    ---
     1  TOP                  H 15.00  5.00  5.00  15.00 15.00   24.00  25.00
        X grids:     1.00  Offset: 0.00
        Y grids:     1.00  Offset: 0.00
    --- ----                ---   --    --    --    ---   ----    ---    ---
     2  BOTTOM               V 15.00  5.00  5.00  15.00 15.00   24.00  25.00
        X grids:     1.00  Offset: 0.00
        Y grids:     1.00  Offset: 0.00

    ATTEMPTS: 0 this step: 0 skips:  
    count_invalid 0 in 0  0:0:0 hours
---------------------------------------------------------------------
Statistics at the End of the Route:
----------------------------


    Connection Statistics:        W/Rats      No/Rats      Total
    ----------------------        ------      -------      -----
        Connections                 33           0           33
        Already Connected           33           0           33
        Missing Connections          0           0            0
        Connection Completion      100.00%       0.00%      100.00%
        Etch Length (inches)        17.66        0.00        17.66
        Number of vias		     0           0            0
        Vias per Connection          0.00        0.00         0.00
        Smd pins with attached clines                         0



    Total cpu time - 0:1:53 hours
    Total elapsed time - -2122:-55:-2 hours
    Invalid Count Time: 0 0:0:0 hours
    Route ended on  Wed Apr 24 01:27:12 2013

*********************************************************************
                         ROUTER-LOG
*********************************************************************

NEW ROUTE on C:/Users/JAI HANUMAN/Desktop/leddriver-Apr-23-2013/allegro/leddriver.brd
Started on   Wed Apr 24 01:27:36 2013

---------------------------------------------------------------------
Statistics at the Start of the Route:
----------------------------

    Board Statistics:
    -----------------
        Components:  Placed 20  Unplaced 0  Total 20
        Nets:  W/Rats 18  No/Rats 0  Total 19
        Pins:  W/Rats 52  No/Rats 0  Unused 0  Unplaced 0  Total 52
        Equivalent ICs (1 pin = 1/14 EIC)  3
        Router Keepin (in) (-1.2100,-0.7100) by (1.2100,0.7100)
        Board area (sq in)  3.4
        Board density (sq in/EIC) 0.925

    Connection Statistics:        W/Rats      No/Rats      Total
    ----------------------        ------      -------      -----
        Connections                 33           0           33
        Already Connected           33           0           33
        Missing Connections          0           0            0
        Connection Completion      100.00%       0.00%      100.00%
        Manh Distance (inches)      15.21
        Etch Length (inches)        17.66        0.00        17.66
        Number of vias		     0           0            0
        Vias per Connection          0.00        0.00         0.00
        Smd pins with attached clines                         0



---------------------------------------------------------------------
General Routing Parameters
--------------------------

    Checkpoint at:  Last step 1:  Last execution 1
    Overwrite router.log
    Auto Save ON
    Dynamic Control OFF
    Direct Path Router OFF
    Component Orientation  HORIZONTAL
    Order Connections Short First
    Max net priority 0
    Corner type: 45
    Side Entry ALLOWED
    DO NOT FORCE to Pin Escape
    Ripup/Cleanup Pin Escapes OFF
    Via Preference OFF


---------------------------------------------------------------------
Layers and Drc Rules
--------------------

    Subclass                          Spacing       Line Width
    Idx Name                Dir   ll    lv    vv    Def   Neck    Via    Max45
    --- ----                ---   --    --    --    ---   ----    ---    ---
     1  TOP                  H 15.00  5.00  5.00  15.00 15.00   24.00  25.00
        X grids:     1.00  Offset: 0.00
        Y grids:     1.00  Offset: 0.00
    --- ----                ---   --    --    --    ---   ----    ---    ---
     2  BOTTOM               V 15.00  5.00  5.00  15.00 15.00   24.00  25.00
        X grids:     1.00  Offset: 0.00
        Y grids:     1.00  Offset: 0.00

    ATTEMPTS: 0 this step: 0 skips:  
    count_invalid 0 in 0  0:0:0 hours
---------------------------------------------------------------------
Statistics at the End of the Route:
----------------------------


    Connection Statistics:        W/Rats      No/Rats      Total
    ----------------------        ------      -------      -----
        Connections                 33           0           33
        Already Connected           33           0           33
        Missing Connections          0           0            0
        Connection Completion      100.00%       0.00%      100.00%
        Etch Length (inches)        17.66        0.00        17.66
        Number of vias		     0           0            0
        Vias per Connection          0.00        0.00         0.00
        Smd pins with attached clines                         0



    Total cpu time - 0:1:54 hours
    Total elapsed time - -2122:-54:-38 hours
    Invalid Count Time: 0 0:0:0 hours
    Route ended on  Wed Apr 24 01:27:36 2013

*********************************************************************
                         ROUTER-LOG
*********************************************************************

NEW ROUTE on C:/Users/JAI HANUMAN/Desktop/leddriver-Apr-23-2013/allegro/leddriver.brd
Started on   Wed Apr 24 01:27:36 2013

---------------------------------------------------------------------
Statistics at the Start of the Route:
----------------------------

    Board Statistics:
    -----------------
        Components:  Placed 20  Unplaced 0  Total 20
        Nets:  W/Rats 18  No/Rats 0  Total 19
        Pins:  W/Rats 52  No/Rats 0  Unused 0  Unplaced 0  Total 52
        Equivalent ICs (1 pin = 1/14 EIC)  3
        Router Keepin (in) (-1.2100,-0.7100) by (1.2100,0.7100)
        Board area (sq in)  3.4
        Board density (sq in/EIC) 0.925

    Connection Statistics:        W/Rats      No/Rats      Total
    ----------------------        ------      -------      -----
        Connections                 33           0           33
        Already Connected           33           0           33
        Missing Connections          0           0            0
        Connection Completion      100.00%       0.00%      100.00%
        Manh Distance (inches)      15.21
        Etch Length (inches)        17.66        0.00        17.66
        Number of vias		     0           0            0
        Vias per Connection          0.00        0.00         0.00
        Smd pins with attached clines                         0



---------------------------------------------------------------------
General Routing Parameters
--------------------------

    Checkpoint at:  Last step 1:  Last execution 1
    Overwrite router.log
    Auto Save ON
    Dynamic Control OFF
    Direct Path Router OFF
    Component Orientation  HORIZONTAL
    Order Connections Short First
    Max net priority 0
    Corner type: 45
    Side Entry ALLOWED
    DO NOT FORCE to Pin Escape
    Ripup/Cleanup Pin Escapes OFF
    Via Preference OFF


---------------------------------------------------------------------
Layers and Drc Rules
--------------------

    Subclass                          Spacing       Line Width
    Idx Name                Dir   ll    lv    vv    Def   Neck    Via    Max45
    --- ----                ---   --    --    --    ---   ----    ---    ---
     1  TOP                  H 15.00  5.00  5.00  15.00 15.00   24.00  25.00
        X grids:     1.00  Offset: 0.00
        Y grids:     1.00  Offset: 0.00
    --- ----                ---   --    --    --    ---   ----    ---    ---
     2  BOTTOM               V 15.00  5.00  5.00  15.00 15.00   24.00  25.00
        X grids:     1.00  Offset: 0.00
        Y grids:     1.00  Offset: 0.00

    ATTEMPTS: 0 this step: 0 skips:  
    count_invalid 0 in 0  0:0:0 hours
---------------------------------------------------------------------
Statistics at the End of the Route:
----------------------------


    Connection Statistics:        W/Rats      No/Rats      Total
    ----------------------        ------      -------      -----
        Connections                 33           0           33
        Already Connected           33           0           33
        Missing Connections          0           0            0
        Connection Completion      100.00%       0.00%      100.00%
        Etch Length (inches)        17.66        0.00        17.66
        Number of vias		     0           0            0
        Vias per Connection          0.00        0.00         0.00
        Smd pins with attached clines                         0



    Total cpu time - 0:1:54 hours
    Total elapsed time - -2122:-54:-38 hours
    Invalid Count Time: 0 0:0:0 hours
    Route ended on  Wed Apr 24 01:27:36 2013

*********************************************************************
                         ROUTER-LOG
*********************************************************************

NEW ROUTE on C:/Users/JAI HANUMAN/Desktop/leddriver-Apr-23-2013/allegro/leddriver.brd
Started on   Wed Apr 24 01:28:00 2013

---------------------------------------------------------------------
Statistics at the Start of the Route:
----------------------------

    Board Statistics:
    -----------------
        Components:  Placed 20  Unplaced 0  Total 20
        Nets:  W/Rats 18  No/Rats 0  Total 19
        Pins:  W/Rats 52  No/Rats 0  Unused 0  Unplaced 0  Total 52
        Equivalent ICs (1 pin = 1/14 EIC)  3
        Router Keepin (in) (-1.2100,-0.7100) by (1.2100,0.7100)
        Board area (sq in)  3.4
        Board density (sq in/EIC) 0.925

    Connection Statistics:        W/Rats      No/Rats      Total
    ----------------------        ------      -------      -----
        Connections                 33           0           33
        Already Connected           33           0           33
        Missing Connections          0           0            0
        Connection Completion      100.00%       0.00%      100.00%
        Manh Distance (inches)      15.21
        Etch Length (inches)        17.66        0.00        17.66
        Number of vias		     0           0            0
        Vias per Connection          0.00        0.00         0.00
        Smd pins with attached clines                         0



---------------------------------------------------------------------
General Routing Parameters
--------------------------

    Checkpoint at:  Last step 1:  Last execution 1
    Overwrite router.log
    Auto Save ON
    Dynamic Control OFF
    Direct Path Router OFF
    Component Orientation  HORIZONTAL
    Order Connections Short First
    Max net priority 0
    Corner type: 45
    Side Entry ALLOWED
    DO NOT FORCE to Pin Escape
    Ripup/Cleanup Pin Escapes OFF
    Via Preference OFF


---------------------------------------------------------------------
Layers and Drc Rules
--------------------

    Subclass                          Spacing       Line Width
    Idx Name                Dir   ll    lv    vv    Def   Neck    Via    Max45
    --- ----                ---   --    --    --    ---   ----    ---    ---
     1  TOP                  H 15.00  5.00  5.00  15.00 15.00   24.00  25.00
        X grids:     1.00  Offset: 0.00
        Y grids:     1.00  Offset: 0.00
    --- ----                ---   --    --    --    ---   ----    ---    ---
     2  BOTTOM               V 15.00  5.00  5.00  15.00 15.00   24.00  25.00
        X grids:     1.00  Offset: 0.00
        Y grids:     1.00  Offset: 0.00

    ATTEMPTS: 0 this step: 0 skips:  
    count_invalid 0 in 0  0:0:0 hours
---------------------------------------------------------------------
Statistics at the End of the Route:
----------------------------


    Connection Statistics:        W/Rats      No/Rats      Total
    ----------------------        ------      -------      -----
        Connections                 33           0           33
        Already Connected           33           0           33
        Missing Connections          0           0            0
        Connection Completion      100.00%       0.00%      100.00%
        Etch Length (inches)        17.66        0.00        17.66
        Number of vias		     0           0            0
        Vias per Connection          0.00        0.00         0.00
        Smd pins with attached clines                         0



    Total cpu time - 0:1:55 hours
    Total elapsed time - -2122:-54:-14 hours
    Invalid Count Time: 0 0:0:0 hours
    Route ended on  Wed Apr 24 01:28:00 2013

*********************************************************************
                         ROUTER-LOG
*********************************************************************

NEW ROUTE on C:/Users/JAI HANUMAN/Desktop/leddriver-Apr-23-2013/allegro/leddriver.brd
Started on   Wed Apr 24 01:28:00 2013

---------------------------------------------------------------------
Statistics at the Start of the Route:
----------------------------

    Board Statistics:
    -----------------
        Components:  Placed 20  Unplaced 0  Total 20
        Nets:  W/Rats 18  No/Rats 0  Total 19
        Pins:  W/Rats 52  No/Rats 0  Unused 0  Unplaced 0  Total 52
        Equivalent ICs (1 pin = 1/14 EIC)  3
        Router Keepin (in) (-1.2100,-0.7100) by (1.2100,0.7100)
        Board area (sq in)  3.4
        Board density (sq in/EIC) 0.925

    Connection Statistics:        W/Rats      No/Rats      Total
    ----------------------        ------      -------      -----
        Connections                 33           0           33
        Already Connected           33           0           33
        Missing Connections          0           0            0
        Connection Completion      100.00%       0.00%      100.00%
        Manh Distance (inches)      15.21
        Etch Length (inches)        17.66        0.00        17.66
        Number of vias		     0           0            0
        Vias per Connection          0.00        0.00         0.00
        Smd pins with attached clines                         0



---------------------------------------------------------------------
General Routing Parameters
--------------------------

    Checkpoint at:  Last step 1:  Last execution 1
    Overwrite router.log
    Auto Save ON
    Dynamic Control OFF
    Direct Path Router OFF
    Component Orientation  HORIZONTAL
    Order Connections Short First
    Max net priority 0
    Corner type: 45
    Side Entry ALLOWED
    DO NOT FORCE to Pin Escape
    Ripup/Cleanup Pin Escapes OFF
    Via Preference OFF


---------------------------------------------------------------------
Layers and Drc Rules
--------------------

    Subclass                          Spacing       Line Width
    Idx Name                Dir   ll    lv    vv    Def   Neck    Via    Max45
    --- ----                ---   --    --    --    ---   ----    ---    ---
     1  TOP                  H 15.00  5.00  5.00  15.00 15.00   24.00  25.00
        X grids:     1.00  Offset: 0.00
        Y grids:     1.00  Offset: 0.00
    --- ----                ---   --    --    --    ---   ----    ---    ---
     2  BOTTOM               V 15.00  5.00  5.00  15.00 15.00   24.00  25.00
        X grids:     1.00  Offset: 0.00
        Y grids:     1.00  Offset: 0.00

    ATTEMPTS: 0 this step: 0 skips:  
    count_invalid 0 in 0  0:0:0 hours
---------------------------------------------------------------------
Statistics at the End of the Route:
----------------------------


    Connection Statistics:        W/Rats      No/Rats      Total
    ----------------------        ------      -------      -----
        Connections                 33           0           33
        Already Connected           33           0           33
        Missing Connections          0           0            0
        Connection Completion      100.00%       0.00%      100.00%
        Etch Length (inches)        17.66        0.00        17.66
        Number of vias		     0           0            0
        Vias per Connection          0.00        0.00         0.00
        Smd pins with attached clines                         0



    Total cpu time - 0:1:55 hours
    Total elapsed time - -2122:-54:-14 hours
    Invalid Count Time: 0 0:0:0 hours
    Route ended on  Wed Apr 24 01:28:00 2013

*********************************************************************
                         ROUTER-LOG
*********************************************************************

NEW ROUTE on C:/Users/JAI HANUMAN/Desktop/leddriver-Apr-23-2013/allegro/leddriver.brd
Started on   Wed Apr 24 01:30:30 2013

---------------------------------------------------------------------
Statistics at the Start of the Route:
----------------------------

    Board Statistics:
    -----------------
        Components:  Placed 20  Unplaced 0  Total 20
        Nets:  W/Rats 18  No/Rats 0  Total 19
        Pins:  W/Rats 52  No/Rats 0  Unused 0  Unplaced 0  Total 52
        Equivalent ICs (1 pin = 1/14 EIC)  3
        Router Keepin (in) (-1.2100,-0.7100) by (1.2100,0.7100)
        Board area (sq in)  3.4
        Board density (sq in/EIC) 0.925

    Connection Statistics:        W/Rats      No/Rats      Total
    ----------------------        ------      -------      -----
        Connections                 33           0           33
        Already Connected           33           0           33
        Missing Connections          0           0            0
        Connection Completion      100.00%       0.00%      100.00%
        Manh Distance (inches)      15.21
        Etch Length (inches)        19.19        0.00        19.19
        Number of vias		     0           0            0
        Vias per Connection          0.00        0.00         0.00
        Smd pins with attached clines                         0



---------------------------------------------------------------------
General Routing Parameters
--------------------------

    Checkpoint at:  Last step 1:  Last execution 1
    Overwrite router.log
    Auto Save ON
    Dynamic Control OFF
    Direct Path Router OFF
    Component Orientation  HORIZONTAL
    Order Connections Short First
    Max net priority 0
    Corner type: 45
    Side Entry ALLOWED
    DO NOT FORCE to Pin Escape
    Ripup/Cleanup Pin Escapes OFF
    Via Preference OFF


---------------------------------------------------------------------
Layers and Drc Rules
--------------------

    Subclass                          Spacing       Line Width
    Idx Name                Dir   ll    lv    vv    Def   Neck    Via    Max45
    --- ----                ---   --    --    --    ---   ----    ---    ---
     1  TOP                  H 15.00  5.00  5.00  15.00 15.00   24.00  25.00
        X grids:     1.00  Offset: 0.00
        Y grids:     1.00  Offset: 0.00
    --- ----                ---   --    --    --    ---   ----    ---    ---
     2  BOTTOM               V 15.00  5.00  5.00  15.00 15.00   24.00  25.00
        X grids:     1.00  Offset: 0.00
        Y grids:     1.00  Offset: 0.00

    ATTEMPTS: 0 this step: 0 skips:  
    count_invalid 0 in 0  0:0:0 hours
---------------------------------------------------------------------
Statistics at the End of the Route:
----------------------------


    Connection Statistics:        W/Rats      No/Rats      Total
    ----------------------        ------      -------      -----
        Connections                 33           0           33
        Already Connected           33           0           33
        Missing Connections          0           0            0
        Connection Completion      100.00%       0.00%      100.00%
        Etch Length (inches)        19.19        0.00        19.19
        Number of vias		     0           0            0
        Vias per Connection          0.00        0.00         0.00
        Smd pins with attached clines                         0



    Total cpu time - 0:1:58 hours
    Total elapsed time - -2122:-51:-44 hours
    Invalid Count Time: 0 0:0:0 hours
    Route ended on  Wed Apr 24 01:30:30 2013

*********************************************************************
                         ROUTER-LOG
*********************************************************************

NEW ROUTE on C:/Users/JAI HANUMAN/Desktop/leddriver-Apr-23-2013/allegro/leddriver.brd
Started on   Wed Apr 24 01:30:30 2013

---------------------------------------------------------------------
Statistics at the Start of the Route:
----------------------------

    Board Statistics:
    -----------------
        Components:  Placed 20  Unplaced 0  Total 20
        Nets:  W/Rats 18  No/Rats 0  Total 19
        Pins:  W/Rats 52  No/Rats 0  Unused 0  Unplaced 0  Total 52
        Equivalent ICs (1 pin = 1/14 EIC)  3
        Router Keepin (in) (-1.2100,-0.7100) by (1.2100,0.7100)
        Board area (sq in)  3.4
        Board density (sq in/EIC) 0.925

    Connection Statistics:        W/Rats      No/Rats      Total
    ----------------------        ------      -------      -----
        Connections                 33           0           33
        Already Connected           33           0           33
        Missing Connections          0           0            0
        Connection Completion      100.00%       0.00%      100.00%
        Manh Distance (inches)      15.21
        Etch Length (inches)        19.19        0.00        19.19
        Number of vias		     0           0            0
        Vias per Connection          0.00        0.00         0.00
        Smd pins with attached clines                         0



---------------------------------------------------------------------
General Routing Parameters
--------------------------

    Checkpoint at:  Last step 1:  Last execution 1
    Overwrite router.log
    Auto Save ON
    Dynamic Control OFF
    Direct Path Router OFF
    Component Orientation  HORIZONTAL
    Order Connections Short First
    Max net priority 0
    Corner type: 45
    Side Entry ALLOWED
    DO NOT FORCE to Pin Escape
    Ripup/Cleanup Pin Escapes OFF
    Via Preference OFF


---------------------------------------------------------------------
Layers and Drc Rules
--------------------

    Subclass                          Spacing       Line Width
    Idx Name                Dir   ll    lv    vv    Def   Neck    Via    Max45
    --- ----                ---   --    --    --    ---   ----    ---    ---
     1  TOP                  H 15.00  5.00  5.00  15.00 15.00   24.00  25.00
        X grids:     1.00  Offset: 0.00
        Y grids:     1.00  Offset: 0.00
    --- ----                ---   --    --    --    ---   ----    ---    ---
     2  BOTTOM               V 15.00  5.00  5.00  15.00 15.00   24.00  25.00
        X grids:     1.00  Offset: 0.00
        Y grids:     1.00  Offset: 0.00

    ATTEMPTS: 0 this step: 0 skips:  
    count_invalid 0 in 0  0:0:0 hours
---------------------------------------------------------------------
Statistics at the End of the Route:
----------------------------


    Connection Statistics:        W/Rats      No/Rats      Total
    ----------------------        ------      -------      -----
        Connections                 33           0           33
        Already Connected           33           0           33
        Missing Connections          0           0            0
        Connection Completion      100.00%       0.00%      100.00%
        Etch Length (inches)        19.19        0.00        19.19
        Number of vias		     0           0            0
        Vias per Connection          0.00        0.00         0.00
        Smd pins with attached clines                         0



    Total cpu time - 0:1:58 hours
    Total elapsed time - -2122:-51:-44 hours
    Invalid Count Time: 0 0:0:0 hours
    Route ended on  Wed Apr 24 01:30:30 2013

*********************************************************************
                         ROUTER-LOG
*********************************************************************

NEW ROUTE on C:/Users/JAI HANUMAN/Desktop/leddriver-Apr-23-2013/allegro/leddriver.brd
Started on   Wed Apr 24 01:30:36 2013

---------------------------------------------------------------------
Statistics at the Start of the Route:
----------------------------

    Board Statistics:
    -----------------
        Components:  Placed 20  Unplaced 0  Total 20
        Nets:  W/Rats 18  No/Rats 0  Total 19
        Pins:  W/Rats 52  No/Rats 0  Unused 0  Unplaced 0  Total 52
        Equivalent ICs (1 pin = 1/14 EIC)  3
        Router Keepin (in) (-1.2100,-0.7100) by (1.2100,0.7100)
        Board area (sq in)  3.4
        Board density (sq in/EIC) 0.925

    Connection Statistics:        W/Rats      No/Rats      Total
    ----------------------        ------      -------      -----
        Connections                 33           0           33
        Already Connected           33           0           33
        Missing Connections          0           0            0
        Connection Completion      100.00%       0.00%      100.00%
        Manh Distance (inches)      15.21
        Etch Length (inches)        19.19        0.00        19.19
        Number of vias		     0           0            0
        Vias per Connection          0.00        0.00         0.00
        Smd pins with attached clines                         0



---------------------------------------------------------------------
General Routing Parameters
--------------------------

    Checkpoint at:  Last step 1:  Last execution 1
    Overwrite router.log
    Auto Save ON
    Dynamic Control OFF
    Direct Path Router OFF
    Component Orientation  HORIZONTAL
    Order Connections Short First
    Max net priority 0
    Corner type: 45
    Side Entry ALLOWED
    DO NOT FORCE to Pin Escape
    Ripup/Cleanup Pin Escapes OFF
    Via Preference OFF


---------------------------------------------------------------------
Layers and Drc Rules
--------------------

    Subclass                          Spacing       Line Width
    Idx Name                Dir   ll    lv    vv    Def   Neck    Via    Max45
    --- ----                ---   --    --    --    ---   ----    ---    ---
     1  TOP                  H 15.00  5.00  5.00  15.00 15.00   24.00  25.00
        X grids:     1.00  Offset: 0.00
        Y grids:     1.00  Offset: 0.00
    --- ----                ---   --    --    --    ---   ----    ---    ---
     2  BOTTOM               V 15.00  5.00  5.00  15.00 15.00   24.00  25.00
        X grids:     1.00  Offset: 0.00
        Y grids:     1.00  Offset: 0.00

    ATTEMPTS: 0 this step: 0 skips:  
    count_invalid 0 in 0  0:0:0 hours
---------------------------------------------------------------------
Statistics at the End of the Route:
----------------------------


    Connection Statistics:        W/Rats      No/Rats      Total
    ----------------------        ------      -------      -----
        Connections                 33           0           33
        Already Connected           33           0           33
        Missing Connections          0           0            0
        Connection Completion      100.00%       0.00%      100.00%
        Etch Length (inches)        19.19        0.00        19.19
        Number of vias		     0           0            0
        Vias per Connection          0.00        0.00         0.00
        Smd pins with attached clines                         0



    Total cpu time - 0:1:58 hours
    Total elapsed time - -2122:-51:-39 hours
    Invalid Count Time: 0 0:0:0 hours
    Route ended on  Wed Apr 24 01:30:36 2013

*********************************************************************
                         ROUTER-LOG
*********************************************************************

NEW ROUTE on C:/Users/JAI HANUMAN/Desktop/leddriver-Apr-23-2013/allegro/leddriver.brd
Started on   Wed Apr 24 01:30:36 2013

---------------------------------------------------------------------
Statistics at the Start of the Route:
----------------------------

    Board Statistics:
    -----------------
        Components:  Placed 20  Unplaced 0  Total 20
        Nets:  W/Rats 18  No/Rats 0  Total 19
        Pins:  W/Rats 52  No/Rats 0  Unused 0  Unplaced 0  Total 52
        Equivalent ICs (1 pin = 1/14 EIC)  3
        Router Keepin (in) (-1.2100,-0.7100) by (1.2100,0.7100)
        Board area (sq in)  3.4
        Board density (sq in/EIC) 0.925

    Connection Statistics:        W/Rats      No/Rats      Total
    ----------------------        ------      -------      -----
        Connections                 33           0           33
        Already Connected           33           0           33
        Missing Connections          0           0            0
        Connection Completion      100.00%       0.00%      100.00%
        Manh Distance (inches)      15.21
        Etch Length (inches)        19.19        0.00        19.19
        Number of vias		     0           0            0
        Vias per Connection          0.00        0.00         0.00
        Smd pins with attached clines                         0



---------------------------------------------------------------------
General Routing Parameters
--------------------------

    Checkpoint at:  Last step 1:  Last execution 1
    Overwrite router.log
    Auto Save ON
    Dynamic Control OFF
    Direct Path Router OFF
    Component Orientation  HORIZONTAL
    Order Connections Short First
    Max net priority 0
    Corner type: 45
    Side Entry ALLOWED
    DO NOT FORCE to Pin Escape
    Ripup/Cleanup Pin Escapes OFF
    Via Preference OFF


---------------------------------------------------------------------
Layers and Drc Rules
--------------------

    Subclass                          Spacing       Line Width
    Idx Name                Dir   ll    lv    vv    Def   Neck    Via    Max45
    --- ----                ---   --    --    --    ---   ----    ---    ---
     1  TOP                  H 15.00  5.00  5.00  15.00 15.00   24.00  25.00
        X grids:     1.00  Offset: 0.00
        Y grids:     1.00  Offset: 0.00
    --- ----                ---   --    --    --    ---   ----    ---    ---
     2  BOTTOM               V 15.00  5.00  5.00  15.00 15.00   24.00  25.00
        X grids:     1.00  Offset: 0.00
        Y grids:     1.00  Offset: 0.00

    ATTEMPTS: 0 this step: 0 skips:  
    count_invalid 0 in 0  0:0:0 hours
---------------------------------------------------------------------
Statistics at the End of the Route:
----------------------------


    Connection Statistics:        W/Rats      No/Rats      Total
    ----------------------        ------      -------      -----
        Connections                 33           0           33
        Already Connected           33           0           33
        Missing Connections          0           0            0
        Connection Completion      100.00%       0.00%      100.00%
        Etch Length (inches)        19.19        0.00        19.19
        Number of vias		     0           0            0
        Vias per Connection          0.00        0.00         0.00
        Smd pins with attached clines                         0



    Total cpu time - 0:1:58 hours
    Total elapsed time - -2122:-51:-39 hours
    Invalid Count Time: 0 0:0:0 hours
    Route ended on  Wed Apr 24 01:30:36 2013

*********************************************************************
                         ROUTER-LOG
*********************************************************************

NEW ROUTE on C:/Users/JAI HANUMAN/Desktop/leddriver-Apr-23-2013/allegro/leddriver.brd
Started on   Wed Apr 24 01:31:09 2013

---------------------------------------------------------------------
Statistics at the Start of the Route:
----------------------------

    Board Statistics:
    -----------------
        Components:  Placed 20  Unplaced 0  Total 20
        Nets:  W/Rats 18  No/Rats 0  Total 19
        Pins:  W/Rats 52  No/Rats 0  Unused 0  Unplaced 0  Total 52
        Equivalent ICs (1 pin = 1/14 EIC)  3
        Router Keepin (in) (-1.2100,-0.7100) by (1.2100,0.7100)
        Board area (sq in)  3.4
        Board density (sq in/EIC) 0.925

    Connection Statistics:        W/Rats      No/Rats      Total
    ----------------------        ------      -------      -----
        Connections                 33           0           33
        Already Connected           33           0           33
        Missing Connections          0           0            0
        Connection Completion      100.00%       0.00%      100.00%
        Manh Distance (inches)      15.21
        Etch Length (inches)        16.71        0.00        16.71
        Number of vias		     0           0            0
        Vias per Connection          0.00        0.00         0.00
        Smd pins with attached clines                         0



---------------------------------------------------------------------
General Routing Parameters
--------------------------

    Checkpoint at:  Last step 1:  Last execution 1
    Overwrite router.log
    Auto Save ON
    Dynamic Control OFF
    Direct Path Router OFF
    Component Orientation  HORIZONTAL
    Order Connections Short First
    Max net priority 0
    Corner type: 45
    Side Entry ALLOWED
    DO NOT FORCE to Pin Escape
    Ripup/Cleanup Pin Escapes OFF
    Via Preference OFF


---------------------------------------------------------------------
Layers and Drc Rules
--------------------

    Subclass                          Spacing       Line Width
    Idx Name                Dir   ll    lv    vv    Def   Neck    Via    Max45
    --- ----                ---   --    --    --    ---   ----    ---    ---
     1  TOP                  H 15.00  5.00  5.00  15.00 15.00   24.00  25.00
        X grids:     1.00  Offset: 0.00
        Y grids:     1.00  Offset: 0.00
    --- ----                ---   --    --    --    ---   ----    ---    ---
     2  BOTTOM               V 15.00  5.00  5.00  15.00 15.00   24.00  25.00
        X grids:     1.00  Offset: 0.00
        Y grids:     1.00  Offset: 0.00

    ATTEMPTS: 0 this step: 0 skips:  
    count_invalid 0 in 0  0:0:0 hours
---------------------------------------------------------------------
Statistics at the End of the Route:
----------------------------


    Connection Statistics:        W/Rats      No/Rats      Total
    ----------------------        ------      -------      -----
        Connections                 33           0           33
        Already Connected           33           0           33
        Missing Connections          0           0            0
        Connection Completion      100.00%       0.00%      100.00%
        Etch Length (inches)        16.71        0.00        16.71
        Number of vias		     0           0            0
        Vias per Connection          0.00        0.00         0.00
        Smd pins with attached clines                         0



    Total cpu time - 0:1:59 hours
    Total elapsed time - -2122:-51:-5 hours
    Invalid Count Time: 0 0:0:0 hours
    Route ended on  Wed Apr 24 01:31:09 2013

*********************************************************************
                         ROUTER-LOG
*********************************************************************

NEW ROUTE on C:/Users/JAI HANUMAN/Desktop/leddriver-Apr-23-2013/allegro/leddriver.brd
Started on   Wed Apr 24 01:31:58 2013

---------------------------------------------------------------------
Statistics at the Start of the Route:
----------------------------

    Board Statistics:
    -----------------
        Components:  Placed 20  Unplaced 0  Total 20
        Nets:  W/Rats 18  No/Rats 0  Total 19
        Pins:  W/Rats 52  No/Rats 0  Unused 0  Unplaced 0  Total 52
        Equivalent ICs (1 pin = 1/14 EIC)  3
        Router Keepin (in) (-1.2100,-0.7100) by (1.2100,0.7100)
        Board area (sq in)  3.4
        Board density (sq in/EIC) 0.925

    Connection Statistics:        W/Rats      No/Rats      Total
    ----------------------        ------      -------      -----
        Connections                 33           0           33
        Already Connected           33           0           33
        Missing Connections          0           0            0
        Connection Completion      100.00%       0.00%      100.00%
        Manh Distance (inches)      15.21
        Etch Length (inches)        16.71        0.00        16.71
        Number of vias		     0           0            0
        Vias per Connection          0.00        0.00         0.00
        Smd pins with attached clines                         0



---------------------------------------------------------------------
General Routing Parameters
--------------------------

    Checkpoint at:  Last step 1:  Last execution 1
    Overwrite router.log
    Auto Save ON
    Dynamic Control OFF
    Direct Path Router OFF
    Component Orientation  HORIZONTAL
    Order Connections Short First
    Max net priority 0
    Corner type: 45
    Side Entry ALLOWED
    DO NOT FORCE to Pin Escape
    Ripup/Cleanup Pin Escapes OFF
    Via Preference OFF


---------------------------------------------------------------------
Layers and Drc Rules
--------------------

    Subclass                          Spacing       Line Width
    Idx Name                Dir   ll    lv    vv    Def   Neck    Via    Max45
    --- ----                ---   --    --    --    ---   ----    ---    ---
     1  TOP                  H 15.00  5.00  5.00  15.00 15.00   24.00  25.00
        X grids:     1.00  Offset: 0.00
        Y grids:     1.00  Offset: 0.00
    --- ----                ---   --    --    --    ---   ----    ---    ---
     2  BOTTOM               V 15.00  5.00  5.00  15.00 15.00   24.00  25.00
        X grids:     1.00  Offset: 0.00
        Y grids:     1.00  Offset: 0.00

    ATTEMPTS: 0 this step: 0 skips:  
    count_invalid 0 in 0  0:0:0 hours
---------------------------------------------------------------------
Statistics at the End of the Route:
----------------------------


    Connection Statistics:        W/Rats      No/Rats      Total
    ----------------------        ------      -------      -----
        Connections                 33           0           33
        Already Connected           33           0           33
        Missing Connections          0           0            0
        Connection Completion      100.00%       0.00%      100.00%
        Etch Length (inches)        16.71        0.00        16.71
        Number of vias		     0           0            0
        Vias per Connection          0.00        0.00         0.00
        Smd pins with attached clines                         0



    Total cpu time - 0:2:1 hours
    Total elapsed time - -2122:-50:-16 hours
    Invalid Count Time: 0 0:0:0 hours
    Route ended on  Wed Apr 24 01:31:58 2013

*********************************************************************
                         ROUTER-LOG
*********************************************************************

NEW ROUTE on C:/Users/JAI HANUMAN/Desktop/leddriver-Apr-23-2013/allegro/leddriver.brd
Started on   Wed Apr 24 01:35:32 2013

---------------------------------------------------------------------
Statistics at the Start of the Route:
----------------------------

    Board Statistics:
    -----------------
        Components:  Placed 20  Unplaced 0  Total 20
        Nets:  W/Rats 18  No/Rats 0  Total 19
        Pins:  W/Rats 52  No/Rats 0  Unused 0  Unplaced 0  Total 52
        Equivalent ICs (1 pin = 1/14 EIC)  3
        Router Keepin (in) (-1.2100,-0.7100) by (1.2100,0.7100)
        Board area (sq in)  3.4
        Board density (sq in/EIC) 0.925

    Connection Statistics:        W/Rats      No/Rats      Total
    ----------------------        ------      -------      -----
        Connections                 33           0           33
        Already Connected           33           0           33
        Missing Connections          0           0            0
        Connection Completion      100.00%       0.00%      100.00%
        Manh Distance (inches)      15.15
        Etch Length (inches)        16.06        0.00        16.06
        Number of vias		     0           0            0
        Vias per Connection          0.00        0.00         0.00
        Smd pins with attached clines                         0



---------------------------------------------------------------------
General Routing Parameters
--------------------------

    Checkpoint at:  Last step 1:  Last execution 1
    Overwrite router.log
    Auto Save ON
    Dynamic Control OFF
    Direct Path Router OFF
    Component Orientation  HORIZONTAL
    Order Connections Short First
    Max net priority 0
    Corner type: 45
    Side Entry ALLOWED
    DO NOT FORCE to Pin Escape
    Ripup/Cleanup Pin Escapes OFF
    Via Preference OFF


---------------------------------------------------------------------
Layers and Drc Rules
--------------------

    Subclass                          Spacing       Line Width
    Idx Name                Dir   ll    lv    vv    Def   Neck    Via    Max45
    --- ----                ---   --    --    --    ---   ----    ---    ---
     1  TOP                  H 15.00  5.00  5.00  15.00 15.00   24.00  25.00
        X grids:     1.00  Offset: 0.00
        Y grids:     1.00  Offset: 0.00
    --- ----                ---   --    --    --    ---   ----    ---    ---
     2  BOTTOM               V 15.00  5.00  5.00  15.00 15.00   24.00  25.00
        X grids:     1.00  Offset: 0.00
        Y grids:     1.00  Offset: 0.00

    ATTEMPTS: 0 this step: 0 skips:  
    count_invalid 0 in 0  0:0:0 hours
---------------------------------------------------------------------
Statistics at the End of the Route:
----------------------------


    Connection Statistics:        W/Rats      No/Rats      Total
    ----------------------        ------      -------      -----
        Connections                 33           0           33
        Already Connected           33           0           33
        Missing Connections          0           0            0
        Connection Completion      100.00%       0.00%      100.00%
        Etch Length (inches)        16.06        0.00        16.06
        Number of vias		     0           0            0
        Vias per Connection          0.00        0.00         0.00
        Smd pins with attached clines                         0



    Total cpu time - 0:2:7 hours
    Total elapsed time - -2122:-46:-42 hours
    Invalid Count Time: 0 0:0:0 hours
    Route ended on  Wed Apr 24 01:35:32 2013
